[debug] [2021-12-11T11:11:09.228Z] ----------------------------------------------------------------------
[debug] [2021-12-11T11:11:09.230Z] Command:       C:\Program Files\nodejs\node.exe C:\Users\Admin\AppData\Roaming\npm\node_modules\firebase-tools\lib\bin\firebase.js init hosting:github
[debug] [2021-12-11T11:11:09.230Z] CLI Version:   9.23.1
[debug] [2021-12-11T11:11:09.231Z] Platform:      win32
[debug] [2021-12-11T11:11:09.231Z] Node Version:  v16.13.0
[debug] [2021-12-11T11:11:09.232Z] Time:          Sat Dec 11 2021 16:41:09 GMT+0530 (India Standard Time)
[debug] [2021-12-11T11:11:09.232Z] ----------------------------------------------------------------------
[debug] 
[debug] [2021-12-11T11:11:09.304Z] > command requires scopes: ["email","openid","https://www.googleapis.com/auth/cloudplatformprojects.readonly","https://www.googleapis.com/auth/firebase","https://www.googleapis.com/auth/cloud-platform"]
[debug] [2021-12-11T11:11:09.304Z] > authorizing via signed-in user (prasanna3balaji@gmail.com)
[info] 
     ######## #### ########  ######## ########     ###     ######  ########
     ##        ##  ##     ## ##       ##     ##  ##   ##  ##       ##
     ######    ##  ########  ######   ########  #########  ######  ######
     ##        ##  ##    ##  ##       ##     ## ##     ##       ## ##
     ##       #### ##     ## ######## ########  ##     ##  ######  ########

You're about to initialize a Firebase project in this directory:

  C:\Users\Admin\Desktop\Prasanna Projects\WHATSAPP\WHATSAPP-FRONTEND

Before we get started, keep in mind:

  * You are initializing within an existing Firebase project directory

[info] 
=== Project Setup
[info] 
[info] First, let's associate this project directory with a Firebase project.
[info] You can create multiple project aliases by running firebase use --add, 
[info] but for now we'll just set up a default project.
[info] 
[debug] [2021-12-11T11:11:16.409Z] Using project from CLI flag: whatsapp-mern-5147c
[debug] [2021-12-11T11:11:16.413Z] > refreshing access token with scopes: []
[debug] [2021-12-11T11:11:16.414Z] >>> HTTP REQUEST POST https://www.googleapis.com/oauth2/v3/token  
 <request body omitted>
[debug] [2021-12-11T11:11:16.805Z] <<< HTTP RESPONSE 200 {"cache-control":"no-cache, no-store, max-age=0, must-revalidate","expires":"Mon, 01 Jan 1990 00:00:00 GMT","pragma":"no-cache","date":"Sat, 11 Dec 2021 11:08:37 GMT","content-type":"application/json; charset=utf-8","vary":"X-Origin, Referer, Origin,Accept-Encoding","server":"scaffolding on HTTPServer2","x-xss-protection":"0","x-frame-options":"SAMEORIGIN","x-content-type-options":"nosniff","alt-svc":"h3=\":443\"; ma=2592000,h3-29=\":443\"; ma=2592000,h3-Q050=\":443\"; ma=2592000,h3-Q046=\":443\"; ma=2592000,h3-Q043=\":443\"; ma=2592000,quic=\":443\"; ma=2592000; v=\"46,43\"","accept-ranges":"none","transfer-encoding":"chunked"}
[debug] [2021-12-11T11:11:17.327Z] >>> [apiv2][query] GET https://firebase.googleapis.com/v1beta1/projects/whatsapp-mern-5147c [none]
[debug] [2021-12-11T11:11:18.264Z] <<< [apiv2][status] GET https://firebase.googleapis.com/v1beta1/projects/whatsapp-mern-5147c 200
[debug] [2021-12-11T11:11:18.265Z] <<< [apiv2][body] GET https://firebase.googleapis.com/v1beta1/projects/whatsapp-mern-5147c {"projectId":"whatsapp-mern-5147c","projectNumber":"835808404126","displayName":"whatsapp-mern-","name":"projects/whatsapp-mern-5147c","resources":{"hostingSite":"whatsapp-mern-5147c"},"state":"ACTIVE"}
[info] i  Using project whatsapp-mern-5147c (whatsapp-mern-) 
[info] 
=== Hosting:github Setup
[info] 
[info] i  Detected a .git folder at C:\Users\Admin\Desktop\Prasanna Projects 
[info] i  Authorizing with GitHub to upload your service account to a GitHub repository's secrets store. 
[info] 
[info] Visit this URL on this device to log in:
[info] https://github.com/login/oauth/authorize?client_id=89cf50f02ac6aaed3484&state=127233909&redirect_uri=http%3A%2F%2Flocalhost%3A9005&scope=read%3Auser%20repo%20public_repo
[info] 
[info] Waiting for authentication...
[debug] [2021-12-11T11:11:19.914Z] >>> HTTP REQUEST POST https://github.com/login/oauth/access_token  
 {"client_id":"89cf50f02ac6aaed3484","client_secret":"3330d14abc895d9a74d5f17cd7a00711fa2c5bf0","code":"db142aa68e6d9ce09a62","redirect_uri":"http://localhost:9005","state":"127233909"}
[debug] [2021-12-11T11:11:20.586Z] <<< HTTP RESPONSE 200 {"server":"GitHub.com","date":"Sat, 11 Dec 2021 11:08:41 GMT","content-type":"application/json; charset=utf-8","transfer-encoding":"chunked","vary":"X-PJAX, X-PJAX-Container, Accept-Encoding, Accept, X-Requested-With","permissions-policy":"interest-cohort=()","etag":"W/\"571d17931a29069c4ab43a442a7447bb\"","cache-control":"max-age=0, private, must-revalidate","strict-transport-security":"max-age=31536000; includeSubdomains; preload","x-frame-options":"deny","x-content-type-options":"nosniff","x-xss-protection":"0","referrer-policy":"origin-when-cross-origin, strict-origin-when-cross-origin","expect-ct":"max-age=2592000, report-uri=\"https://api.github.com/_private/browser/errors\"","content-security-policy":"default-src 'none'; base-uri 'self'; block-all-mixed-content; child-src github.com/assets-cdn/worker/ gist.github.com/assets-cdn/worker/; connect-src 'self' uploads.github.com objects-origin.githubusercontent.com www.githubstatus.com collector.githubapp.com api.github.com github-cloud.s3.amazonaws.com github-production-repository-file-5c1aeb.s3.amazonaws.com github-production-upload-manifest-file-7fdce7.s3.amazonaws.com github-production-user-asset-6210df.s3.amazonaws.com cdn.optimizely.com logx.optimizely.com/v1/events translator.github.com wss://alive.github.com; font-src github.githubassets.com; form-action 'self' github.com gist.github.com objects-origin.githubusercontent.com; frame-ancestors 'none'; frame-src render.githubusercontent.com viewscreen.githubusercontent.com notebooks.githubusercontent.com; img-src 'self' data: github.githubassets.com identicons.github.com collector.githubapp.com github-cloud.s3.amazonaws.com secured-user-images.githubusercontent.com/ *.githubusercontent.com; manifest-src 'self'; media-src github.com user-images.githubusercontent.com/; script-src github.githubassets.com; style-src 'unsafe-inline' github.githubassets.com; worker-src github.com/assets-cdn/worker/ gist.github.com/assets-cdn/worker/","x-github-request-id":"2CFC:699D:8BD390:A11E0D:61B486B8"}
[debug] [2021-12-11T11:11:20.600Z] >>> [apiv2][query] GET https://api.github.com/user [none]
[debug] [2021-12-11T11:11:21.447Z] <<< [apiv2][status] GET https://api.github.com/user 200
[debug] [2021-12-11T11:11:21.447Z] <<< [apiv2][body] GET https://api.github.com/user {"login":"prasanna0311","id":83944299,"node_id":"MDQ6VXNlcjgzOTQ0Mjk5","avatar_url":"https://avatars.githubusercontent.com/u/83944299?v=4","gravatar_id":"","url":"https://api.github.com/users/prasanna0311","html_url":"https://github.com/prasanna0311","followers_url":"https://api.github.com/users/prasanna0311/followers","following_url":"https://api.github.com/users/prasanna0311/following{/other_user}","gists_url":"https://api.github.com/users/prasanna0311/gists{/gist_id}","starred_url":"https://api.github.com/users/prasanna0311/starred{/owner}{/repo}","subscriptions_url":"https://api.github.com/users/prasanna0311/subscriptions","organizations_url":"https://api.github.com/users/prasanna0311/orgs","repos_url":"https://api.github.com/users/prasanna0311/repos","events_url":"https://api.github.com/users/prasanna0311/events{/privacy}","received_events_url":"https://api.github.com/users/prasanna0311/received_events","type":"User","site_admin":false,"name":"Prasanna Balaji D","company":null,"blog":"","location":"Trichy","email":null,"hireable":null,"bio":"Full Stack Developer (MERN)","twitter_username":null,"public_repos":39,"public_gists":0,"followers":0,"following":0,"created_at":"2021-05-10T07:07:09Z","updated_at":"2021-12-11T10:44:34Z","private_gists":0,"total_private_repos":0,"owned_private_repos":0,"disk_usage":9875,"collaborators":0,"two_factor_authentication":false,"plan":{"name":"free","space":976562499,"collaborators":0,"private_repos":10000}}
[info] 
[info] +  Success! Logged into GitHub as prasanna0311 
[info] 
